{"level":"info","message":"User logged in: test@example.com, family: acf1fc23-94bf-4427-95bd-c4d172575d01","service":"task-tracker-backend","timestamp":"2026-02-14T17:24:57.181Z"}
{"level":"info","message":"Pending registration created for: test@example.com","service":"task-tracker-backend","timestamp":"2026-02-14T17:24:57.212Z"}
{"level":"info","message":"Pending registration created for: test@example.com","service":"task-tracker-backend","timestamp":"2026-02-14T17:24:57.453Z"}
{"level":"info","message":"User logged in: test@example.com, family: 065a65ef-c4c2-41e1-bbb6-def924c2d4f7","service":"task-tracker-backend","timestamp":"2026-02-14T17:24:57.680Z"}
{"level":"info","message":"Tokens refreshed for user: 6990afe984e53ca16e634c66, family: 065a65ef-c4c2-41e1-bbb6-def924c2d4f7","service":"task-tracker-backend","timestamp":"2026-02-14T17:24:57.705Z"}
{"level":"info","message":"Pending registration created for: test@example.com","service":"task-tracker-backend","timestamp":"2026-02-14T17:24:57.755Z"}
{"level":"info","message":"User logged in: test@example.com, family: 41c463fa-c635-440d-9d8f-43b08d736458","service":"task-tracker-backend","timestamp":"2026-02-14T17:24:57.933Z"}
{"level":"info","message":"Tokens refreshed for user: 6990afe984e53ca16e634c75, family: 41c463fa-c635-440d-9d8f-43b08d736458","service":"task-tracker-backend","timestamp":"2026-02-14T17:24:57.957Z"}
{"level":"info","message":"User logged in: test@example.com, family: 733313fb-a09a-4c66-b312-75edaf2aa41b","service":"task-tracker-backend","timestamp":"2026-02-14T17:24:58.058Z"}
{"level":"info","message":"Connected to MongoDB","service":"task-tracker-backend","timestamp":"2026-02-14T17:24:58.116Z"}
{"level":"error","message":"MongoDB connection error: Can't call `openUri()` on an active connection with different connection strings. Make sure you aren't calling `mongoose.connect()` multiple times. See: https://mongoosejs.com/docs/connections.html#multiple_connections","service":"task-tracker-backend","stack":"MongooseError: Can't call `openUri()` on an active connection with different connection strings. Make sure you aren't calling `mongoose.connect()` multiple times. See: https://mongoosejs.com/docs/connections.html#multiple_connections\n    at NativeConnection.createClient (C:\\Users\\banu5\\Desktop\\Ravi\\PERSONAL PROJECT\\Assignments\\Mini task tracker\\Backend\\node_modules\\mongoose\\lib\\drivers\\node-mongodb-native\\connection.js:244:13)\n    at NativeConnection.openUri (C:\\Users\\banu5\\Desktop\\Ravi\\PERSONAL PROJECT\\Assignments\\Mini task tracker\\Backend\\node_modules\\mongoose\\lib\\connection.js:1075:34)\n    at Mongoose.connect (C:\\Users\\banu5\\Desktop\\Ravi\\PERSONAL PROJECT\\Assignments\\Mini task tracker\\Backend\\node_modules\\mongoose\\lib\\mongoose.js:471:15)\n    at connectMongoDB (C:\\Users\\banu5\\Desktop\\Ravi\\PERSONAL PROJECT\\Assignments\\Mini task tracker\\Backend\\src\\config\\db.ts:12:20)\n    at Object.<anonymous> (C:\\Users\\banu5\\Desktop\\Ravi\\PERSONAL PROJECT\\Assignments\\Mini task tracker\\Backend\\src\\__tests__\\config.test.ts:47:34)\n    at Promise.finally.completed (C:\\Users\\banu5\\Desktop\\Ravi\\PERSONAL PROJECT\\Assignments\\Mini task tracker\\Backend\\node_modules\\jest-circus\\build\\jestAdapterInit.js:1557:28)\n    at new Promise (<anonymous>)\n    at callAsyncCircusFn (C:\\Users\\banu5\\Desktop\\Ravi\\PERSONAL PROJECT\\Assignments\\Mini task tracker\\Backend\\node_modules\\jest-circus\\build\\jestAdapterInit.js:1497:10)\n    at _callCircusTest (C:\\Users\\banu5\\Desktop\\Ravi\\PERSONAL PROJECT\\Assignments\\Mini task tracker\\Backend\\node_modules\\jest-circus\\build\\jestAdapterInit.js:1007:40)\n    at processTicksAndRejections (node:internal/process/task_queues:105:5)\n    at _runTest (C:\\Users\\banu5\\Desktop\\Ravi\\PERSONAL PROJECT\\Assignments\\Mini task tracker\\Backend\\node_modules\\jest-circus\\build\\jestAdapterInit.js:947:3)\n    at C:\\Users\\banu5\\Desktop\\Ravi\\PERSONAL PROJECT\\Assignments\\Mini task tracker\\Backend\\node_modules\\jest-circus\\build\\jestAdapterInit.js:849:7\n    at _runTestsForDescribeBlock (C:\\Users\\banu5\\Desktop\\Ravi\\PERSONAL PROJECT\\Assignments\\Mini task tracker\\Backend\\node_modules\\jest-circus\\build\\jestAdapterInit.js:862:11)\n    at _runTestsForDescribeBlock (C:\\Users\\banu5\\Desktop\\Ravi\\PERSONAL PROJECT\\Assignments\\Mini task tracker\\Backend\\node_modules\\jest-circus\\build\\jestAdapterInit.js:857:11)\n    at _runTestsForDescribeBlock (C:\\Users\\banu5\\Desktop\\Ravi\\PERSONAL PROJECT\\Assignments\\Mini task tracker\\Backend\\node_modules\\jest-circus\\build\\jestAdapterInit.js:857:11)\n    at run (C:\\Users\\banu5\\Desktop\\Ravi\\PERSONAL PROJECT\\Assignments\\Mini task tracker\\Backend\\node_modules\\jest-circus\\build\\jestAdapterInit.js:761:3)\n    at runAndTransformResultsToJestFormat (C:\\Users\\banu5\\Desktop\\Ravi\\PERSONAL PROJECT\\Assignments\\Mini task tracker\\Backend\\node_modules\\jest-circus\\build\\jestAdapterInit.js:1918:21)\n    at jestAdapter (C:\\Users\\banu5\\Desktop\\Ravi\\PERSONAL PROJECT\\Assignments\\Mini task tracker\\Backend\\node_modules\\jest-circus\\build\\runner.js:101:19)\n    at runTestInternal (C:\\Users\\banu5\\Desktop\\Ravi\\PERSONAL PROJECT\\Assignments\\Mini task tracker\\Backend\\node_modules\\jest-runner\\build\\testWorker.js:275:16)\n    at runTest (C:\\Users\\banu5\\Desktop\\Ravi\\PERSONAL PROJECT\\Assignments\\Mini task tracker\\Backend\\node_modules\\jest-runner\\build\\testWorker.js:343:7)\n    at Object.worker (C:\\Users\\banu5\\Desktop\\Ravi\\PERSONAL PROJECT\\Assignments\\Mini task tracker\\Backend\\node_modules\\jest-runner\\build\\testWorker.js:497:12)","timestamp":"2026-02-14T17:24:58.146Z"}
{"level":"info","message":"Connected to Redis","service":"task-tracker-backend","timestamp":"2026-02-14T17:24:58.149Z"}
{"level":"info","message":"User logged in: test@example.com, family: ee70346e-7dd3-44b6-9ae6-dd3c712148cd","service":"task-tracker-backend","timestamp":"2026-02-14T17:24:58.159Z"}
{"level":"info","message":"Tokens refreshed for user: 6990afea84e53ca16e634c8d, family: ee70346e-7dd3-44b6-9ae6-dd3c712148cd","service":"task-tracker-backend","timestamp":"2026-02-14T17:24:58.176Z"}
{"level":"info","message":"User logged in: test@example.com, family: 5270ab35-2b47-4a7a-8ffa-6d4c96cc17b9","service":"task-tracker-backend","timestamp":"2026-02-14T17:24:58.294Z"}
{"level":"info","message":"Tokens refreshed for user: 6990afea84e53ca16e634c9d, family: 5270ab35-2b47-4a7a-8ffa-6d4c96cc17b9","service":"task-tracker-backend","timestamp":"2026-02-14T17:24:58.311Z"}
{"level":"info","message":"User logged in: test@example.com, family: 972875c1-d625-4364-956f-af3a74e0b2bc","service":"task-tracker-backend","timestamp":"2026-02-14T17:24:58.412Z"}
{"level":"info","message":"User logged out, family revoked: 972875c1-d625-4364-956f-af3a74e0b2bc","service":"task-tracker-backend","timestamp":"2026-02-14T17:24:58.418Z"}
{"level":"info","message":"User logged in: test@example.com, family: 65e9afb1-82c4-49a4-ae35-696d8d12bbda","service":"task-tracker-backend","timestamp":"2026-02-14T17:24:58.519Z"}
{"level":"info","message":"Verification email sent to: new@example.com","service":"task-tracker-backend","timestamp":"2026-02-14T17:24:58.541Z"}
{"level":"info","message":"Verification email sent to: dup@example.com","service":"task-tracker-backend","timestamp":"2026-02-14T17:24:58.558Z"}
{"level":"info","message":"Verification email sent to: dup@example.com","service":"task-tracker-backend","timestamp":"2026-02-14T17:24:58.563Z"}
{"level":"info","message":"Verification email sent to: verify@example.com","service":"task-tracker-backend","timestamp":"2026-02-14T17:24:58.588Z"}
{"level":"info","message":"Email verified and user created: verify@example.com","service":"task-tracker-backend","timestamp":"2026-02-14T17:24:58.605Z"}
{"level":"info","message":"Verification email sent to: resend@example.com","service":"task-tracker-backend","timestamp":"2026-02-14T17:24:58.658Z"}
{"level":"info","message":"Verification email resent to: resend@example.com","service":"task-tracker-backend","timestamp":"2026-02-14T17:24:58.665Z"}
{"level":"info","message":"Registration initiated for: test@example.com","service":"task-tracker-backend","timestamp":"2026-02-14T17:24:58.919Z"}
{"level":"info","message":"User logged in successfully: test@example.com","service":"task-tracker-backend","timestamp":"2026-02-14T17:24:58.922Z"}
{"level":"info","message":"Tokens refreshed successfully","service":"task-tracker-backend","timestamp":"2026-02-14T17:24:58.942Z"}
{"level":"info","message":"User logged out successfully","service":"task-tracker-backend","timestamp":"2026-02-14T17:24:58.947Z"}
{"level":"info","message":"Email verified successfully","service":"task-tracker-backend","timestamp":"2026-02-14T17:24:58.950Z"}
{"level":"info","message":"Verification email resent to: test@example.com","service":"task-tracker-backend","timestamp":"2026-02-14T17:24:58.956Z"}
{"level":"info","message":"Verification email sent to: test@example.com","service":"task-tracker-backend","timestamp":"2026-02-14T17:25:00.430Z"}
{"level":"info","message":"Pending registration created for: test@example.com","service":"task-tracker-backend","timestamp":"2026-02-14T17:25:00.434Z"}
{"level":"info","message":"Registration initiated for: test@example.com","service":"task-tracker-backend","timestamp":"2026-02-14T17:25:00.435Z"}
{"level":"info","message":"Verification email sent to: test@example.com","service":"task-tracker-backend","timestamp":"2026-02-14T17:25:00.541Z"}
{"level":"info","message":"Pending registration created for: test@example.com","service":"task-tracker-backend","timestamp":"2026-02-14T17:25:00.542Z"}
{"level":"info","message":"Registration initiated for: test@example.com","service":"task-tracker-backend","timestamp":"2026-02-14T17:25:00.542Z"}
{"level":"info","message":"Verification email sent to: test@example.com","service":"task-tracker-backend","timestamp":"2026-02-14T17:25:00.626Z"}
{"level":"info","message":"Pending registration created for: test@example.com","service":"task-tracker-backend","timestamp":"2026-02-14T17:25:00.627Z"}
{"level":"info","message":"Registration initiated for: test@example.com","service":"task-tracker-backend","timestamp":"2026-02-14T17:25:00.627Z"}
{"level":"info","message":"User logged in: test@example.com, family: c9f95c21-01ae-4ac7-8ec0-e3d2611a422d","service":"task-tracker-backend","timestamp":"2026-02-14T17:25:00.743Z"}
{"level":"info","message":"User logged in successfully: test@example.com","service":"task-tracker-backend","timestamp":"2026-02-14T17:25:00.746Z"}
{"level":"info","message":"User logged in: test@example.com, family: 252513c4-2f10-4852-8f1a-a7a7b6aa2434","service":"task-tracker-backend","timestamp":"2026-02-14T17:25:00.917Z"}
{"level":"info","message":"User logged in successfully: test@example.com","service":"task-tracker-backend","timestamp":"2026-02-14T17:25:00.917Z"}
{"level":"info","message":"Tokens refreshed for user: 6990afec45c70a95cebb95df, family: 252513c4-2f10-4852-8f1a-a7a7b6aa2434","service":"task-tracker-backend","timestamp":"2026-02-14T17:25:00.939Z"}
{"level":"info","message":"Tokens refreshed successfully","service":"task-tracker-backend","timestamp":"2026-02-14T17:25:00.940Z"}
{"level":"info","message":"User logged in: test@example.com, family: e3c7ba18-84d4-4770-9a45-bb04e703974d","service":"task-tracker-backend","timestamp":"2026-02-14T17:25:01.022Z"}
{"level":"info","message":"User logged in successfully: test@example.com","service":"task-tracker-backend","timestamp":"2026-02-14T17:25:01.023Z"}
{"level":"info","message":"User logged in: test@example.com, family: 6d22a17b-210c-482c-9057-ee5aefc2f115","service":"task-tracker-backend","timestamp":"2026-02-14T17:25:01.116Z"}
{"level":"info","message":"User logged in successfully: test@example.com","service":"task-tracker-backend","timestamp":"2026-02-14T17:25:01.116Z"}
{"level":"info","message":"Tokens refreshed for user: 6990afed45c70a95cebb95f6, family: 6d22a17b-210c-482c-9057-ee5aefc2f115","service":"task-tracker-backend","timestamp":"2026-02-14T17:25:01.134Z"}
{"level":"info","message":"Tokens refreshed successfully","service":"task-tracker-backend","timestamp":"2026-02-14T17:25:01.135Z"}
{"level":"info","message":"User logged in: test@example.com, family: fa68bc76-85ab-45d5-8e40-28c49efcdb24","service":"task-tracker-backend","timestamp":"2026-02-14T17:25:01.241Z"}
{"level":"info","message":"User logged in successfully: test@example.com","service":"task-tracker-backend","timestamp":"2026-02-14T17:25:01.241Z"}
{"level":"info","message":"User logged out, family revoked: fa68bc76-85ab-45d5-8e40-28c49efcdb24","service":"task-tracker-backend","timestamp":"2026-02-14T17:25:01.250Z"}
{"level":"info","message":"User logged out successfully","service":"task-tracker-backend","timestamp":"2026-02-14T17:25:01.251Z"}
{"level":"info","message":"User logged in: test@example.com, family: 12075b60-14d2-4e64-bf8f-6790cf178f52","service":"task-tracker-backend","timestamp":"2026-02-14T17:25:01.338Z"}
{"level":"info","message":"User logged in successfully: test@example.com","service":"task-tracker-backend","timestamp":"2026-02-14T17:25:01.339Z"}
{"level":"info","message":"User logged out, family revoked: 12075b60-14d2-4e64-bf8f-6790cf178f52","service":"task-tracker-backend","timestamp":"2026-02-14T17:25:01.347Z"}
{"level":"info","message":"User logged out successfully","service":"task-tracker-backend","timestamp":"2026-02-14T17:25:01.347Z"}
{"level":"info","message":"User logged in: test@example.com, family: acc4c8bd-9426-4ca3-9190-8a2ff822ef55","service":"task-tracker-backend","timestamp":"2026-02-14T17:25:01.430Z"}
{"level":"info","message":"User logged in successfully: test@example.com","service":"task-tracker-backend","timestamp":"2026-02-14T17:25:01.431Z"}
{"level":"info","message":"User logged in: test@example.com, family: 40c07b4f-e0ec-4693-ac38-b94491b27c6f","service":"task-tracker-backend","timestamp":"2026-02-14T17:25:01.512Z"}
{"level":"info","message":"User logged in successfully: test@example.com","service":"task-tracker-backend","timestamp":"2026-02-14T17:25:01.513Z"}
{"level":"info","message":"User logged in: test@example.com, family: 26ab8f6f-5607-418e-8be2-7cc8a45ecdf6","service":"task-tracker-backend","timestamp":"2026-02-14T17:25:01.595Z"}
{"level":"info","message":"User logged in successfully: test@example.com","service":"task-tracker-backend","timestamp":"2026-02-14T17:25:01.596Z"}
{"level":"info","message":"User logged in: test@example.com, family: c28823ad-ed48-4dc4-a46d-71f8c24f8b8d","service":"task-tracker-backend","timestamp":"2026-02-14T17:25:01.683Z"}
{"level":"info","message":"User logged in successfully: test@example.com","service":"task-tracker-backend","timestamp":"2026-02-14T17:25:01.683Z"}
{"level":"info","message":"User logged in: test@example.com, family: e3413154-fb06-4be0-ab69-ddc4dde8ef8d","service":"task-tracker-backend","timestamp":"2026-02-14T17:25:01.769Z"}
{"level":"info","message":"User logged in successfully: test@example.com","service":"task-tracker-backend","timestamp":"2026-02-14T17:25:01.770Z"}
{"level":"info","message":"User logged in: test@example.com, family: 22938fa5-67ee-461c-bb86-604f4ec7a141","service":"task-tracker-backend","timestamp":"2026-02-14T17:25:01.885Z"}
{"level":"info","message":"User logged in successfully: test@example.com","service":"task-tracker-backend","timestamp":"2026-02-14T17:25:01.887Z"}
{"level":"info","message":"User logged in: test@example.com, family: 4d3eade5-bb81-4258-9851-e6f2df465c61","service":"task-tracker-backend","timestamp":"2026-02-14T17:25:01.992Z"}
{"level":"info","message":"User logged in successfully: test@example.com","service":"task-tracker-backend","timestamp":"2026-02-14T17:25:01.992Z"}
{"level":"info","message":"User logged in: test@example.com, family: 1a5c527c-3b33-445b-bef3-1d8a6c34d66a","service":"task-tracker-backend","timestamp":"2026-02-14T17:25:02.090Z"}
{"level":"info","message":"User logged in successfully: test@example.com","service":"task-tracker-backend","timestamp":"2026-02-14T17:25:02.090Z"}
{"level":"info","message":"User logged in: other@example.com, family: 32a03b7d-7ce9-47d0-a9ec-95330ccea784","service":"task-tracker-backend","timestamp":"2026-02-14T17:25:02.176Z"}
{"level":"info","message":"User logged in successfully: other@example.com","service":"task-tracker-backend","timestamp":"2026-02-14T17:25:02.177Z"}
